This is pdfTeX, Version 3.141592653-2.6-1.40.23 (TeX Live 2022/dev) (preloaded format=pdflatex 2021.9.3)  11 OCT 2021 07:39
entering extended mode
 restricted \write18 enabled.
 file:line:error style messages enabled.
 %&-line parsing enabled.
**/Users/ning/Documents/Working_Directory/Python/Stability/solar/solar_IV/paper/v_current_Ning/solar_IV.tex
(/Users/ning/Documents/Working_Directory/Python/Stability/solar/solar_IV/paper/v_current_Ning/solar_IV.tex
LaTeX2e <2021-06-01> patch level 1
L3 programming layer <2021-08-27> (/usr/local/texlive/2021/texmf-dist/tex/latex/elsarticle/elsarticle.cls
Document Class: elsarticle 2020/11/20, 3.3: Elsevier Ltd
(/usr/local/texlive/2021/texmf-dist/tex/latex/l3kernel/expl3.sty
Package: expl3 2021-08-27 L3 programming layer (loader) 
 (/usr/local/texlive/2021/texmf-dist/tex/latex/l3backend/l3backend-pdftex.def
File: l3backend-pdftex.def 2021-08-04 L3 backend support: PDF output (pdfTeX)
\l__color_backend_stack_int=\count182
\l__pdf_internal_box=\box50
)) (/usr/local/texlive/2021/texmf-dist/tex/latex/l3packages/xparse/xparse.sty
Package: xparse 2021-08-27 L3 Experimental document command parser
) (/usr/local/texlive/2021/texmf-dist/tex/latex/etoolbox/etoolbox.sty
Package: etoolbox 2020/10/05 v2.5k e-TeX tools for LaTeX (JAW)
\etb@tempcnta=\count183
)
\@bls=\dimen138
 (/usr/local/texlive/2021/texmf-dist/tex/latex/base/article.cls
Document Class: article 2021/02/12 v1.4n Standard LaTeX document class
(/usr/local/texlive/2021/texmf-dist/tex/latex/base/size11.clo
File: size11.clo 2021/02/12 v1.4n Standard LaTeX file (size option)
)
\c@part=\count184
\c@section=\count185
\c@subsection=\count186
\c@subsubsection=\count187
\c@paragraph=\count188
\c@subparagraph=\count189
\c@figure=\count190
\c@table=\count191
\abovecaptionskip=\skip47
\belowcaptionskip=\skip48
\bibindent=\dimen139
) (/usr/local/texlive/2021/texmf-dist/tex/latex/graphics/graphicx.sty
Package: graphicx 2020/12/05 v1.2c Enhanced LaTeX Graphics (DPC,SPQR)
 (/usr/local/texlive/2021/texmf-dist/tex/latex/graphics/keyval.sty
Package: keyval 2014/10/28 v1.15 key=value parser (DPC)
\KV@toks@=\toks16
) (/usr/local/texlive/2021/texmf-dist/tex/latex/graphics/graphics.sty
Package: graphics 2021/03/04 v1.4d Standard LaTeX Graphics (DPC,SPQR)
 (/usr/local/texlive/2021/texmf-dist/tex/latex/graphics/trig.sty
Package: trig 2016/01/03 v1.10 sin cos tan (DPC)
) (/usr/local/texlive/2021/texmf-dist/tex/latex/graphics-cfg/graphics.cfg
File: graphics.cfg 2016/06/04 v1.11 sample graphics configuration
)
Package graphics Info: Driver file: pdftex.def on input line 107.
 (/usr/local/texlive/2021/texmf-dist/tex/latex/graphics-def/pdftex.def
File: pdftex.def 2020/10/05 v1.2a Graphics/color driver for pdftex
))
\Gin@req@height=\dimen140
\Gin@req@width=\dimen141
)
\c@tnote=\count192
\c@fnote=\count193
\c@cnote=\count194
\c@ead=\count195
\c@author=\count196
\@eadauthor=\toks17
\c@affn=\count197
\absbox=\box51
\elsarticlehighlightsbox=\box52
\elsarticlegrabsbox=\box53
\keybox=\box54
\Columnwidth=\dimen142
\space@left=\dimen143
\els@boxa=\box55
\els@boxb=\box56
\leftMargin=\dimen144
\@enLab=\toks18
\@sep=\skip49
\@@sep=\skip50
 (TeXAux/solar_IV.spl) (/usr/local/texlive/2021/texmf-dist/tex/latex/natbib/natbib.sty
Package: natbib 2010/09/13 8.31b (PWD, AO)
\bibhang=\skip51
\bibsep=\skip52
LaTeX Info: Redefining \cite on input line 694.
\c@NAT@ctr=\count198
)
\splwrite=\write3
\openout3 = `solar_IV.spl'.

\appnamewidth=\dimen145
) (./frontmatter/preamble.tex (/usr/local/texlive/2021/texmf-dist/tex/latex/amscls/amsthm.sty
Package: amsthm 2020/05/29 v2.20.6
\thm@style=\toks19
\thm@bodyfont=\toks20
\thm@headfont=\toks21
\thm@notefont=\toks22
\thm@headpunct=\toks23
\thm@preskip=\skip53
\thm@postskip=\skip54
\thm@headsep=\skip55
\dth@everypar=\toks24
LaTeX Info: Redefining \qed on input line 273.
) (/usr/local/texlive/2021/texmf-dist/tex/latex/amsmath/amsmath.sty
Package: amsmath 2021/04/20 v2.17j AMS math features
\@mathmargin=\skip56

For additional information on amsmath, use the `?' option.
(/usr/local/texlive/2021/texmf-dist/tex/latex/amsmath/amstext.sty
Package: amstext 2000/06/29 v2.01 AMS text
 (/usr/local/texlive/2021/texmf-dist/tex/latex/amsmath/amsgen.sty
File: amsgen.sty 1999/11/30 v2.0 generic functions
\@emptytoks=\toks25
\ex@=\dimen146
)) (/usr/local/texlive/2021/texmf-dist/tex/latex/amsmath/amsbsy.sty
Package: amsbsy 1999/11/29 v1.2d Bold Symbols
\pmbraise@=\dimen147
) (/usr/local/texlive/2021/texmf-dist/tex/latex/amsmath/amsopn.sty
Package: amsopn 2016/03/08 v2.02 operator names
)
\inf@bad=\count199
LaTeX Info: Redefining \frac on input line 234.
\uproot@=\count266
\leftroot@=\count267
LaTeX Info: Redefining \overline on input line 399.
\classnum@=\count268
\DOTSCASE@=\count269
LaTeX Info: Redefining \ldots on input line 496.
LaTeX Info: Redefining \dots on input line 499.
LaTeX Info: Redefining \cdots on input line 620.
\Mathstrutbox@=\box57
\strutbox@=\box58
\big@size=\dimen148
LaTeX Font Info:    Redeclaring font encoding OML on input line 743.
LaTeX Font Info:    Redeclaring font encoding OMS on input line 744.
\macc@depth=\count270
\c@MaxMatrixCols=\count271
\dotsspace@=\muskip16
\c@parentequation=\count272
\dspbrk@lvl=\count273
\tag@help=\toks26
\row@=\count274
\column@=\count275
\maxfields@=\count276
\andhelp@=\toks27
\eqnshift@=\dimen149
\alignsep@=\dimen150
\tagshift@=\dimen151
\tagwidth@=\dimen152
\totwidth@=\dimen153
\lineht@=\dimen154
\@envbody=\toks28
\multlinegap=\skip57
\multlinetaggap=\skip58
\mathdisplay@stack=\toks29
LaTeX Info: Redefining \[ on input line 2923.
LaTeX Info: Redefining \] on input line 2924.
) (/usr/local/texlive/2021/texmf-dist/tex/latex/amsfonts/amsfonts.sty
Package: amsfonts 2013/01/14 v3.01 Basic AMSFonts support
\symAMSa=\mathgroup4
\symAMSb=\mathgroup5
LaTeX Font Info:    Redeclaring math symbol \hbar on input line 98.
LaTeX Font Info:    Overwriting math alphabet `\mathfrak' in version `bold'
(Font)                  U/euf/m/n --> U/euf/b/n on input line 106.
) (/usr/local/texlive/2021/texmf-dist/tex/latex/amsfonts/amssymb.sty
Package: amssymb 2013/01/14 v3.01 AMS font symbols
) (/usr/local/texlive/2021/texmf-dist/tex/latex/hyperref/hyperref.sty
Package: hyperref 2021-06-07 v7.00m Hypertext links for LaTeX
 (/usr/local/texlive/2021/texmf-dist/tex/generic/ltxcmds/ltxcmds.sty
Package: ltxcmds 2020-05-10 v1.25 LaTeX kernel commands for general use (HO)
) (/usr/local/texlive/2021/texmf-dist/tex/generic/iftex/iftex.sty
Package: iftex 2020/03/06 v1.0d TeX engine tests
) (/usr/local/texlive/2021/texmf-dist/tex/generic/pdftexcmds/pdftexcmds.sty
Package: pdftexcmds 2020-06-27 v0.33 Utility functions of pdfTeX for LuaTeX (HO)
 (/usr/local/texlive/2021/texmf-dist/tex/generic/infwarerr/infwarerr.sty
Package: infwarerr 2019/12/03 v1.5 Providing info/warning/error messages (HO)
)
Package pdftexcmds Info: \pdf@primitive is available.
Package pdftexcmds Info: \pdf@ifprimitive is available.
Package pdftexcmds Info: \pdfdraftmode found.
) (/usr/local/texlive/2021/texmf-dist/tex/generic/kvsetkeys/kvsetkeys.sty
Package: kvsetkeys 2019/12/15 v1.18 Key value parser (HO)
) (/usr/local/texlive/2021/texmf-dist/tex/generic/kvdefinekeys/kvdefinekeys.sty
Package: kvdefinekeys 2019-12-19 v1.6 Define keys (HO)
) (/usr/local/texlive/2021/texmf-dist/tex/generic/pdfescape/pdfescape.sty
Package: pdfescape 2019/12/09 v1.15 Implements pdfTeX's escape features (HO)
) (/usr/local/texlive/2021/texmf-dist/tex/latex/hycolor/hycolor.sty
Package: hycolor 2020-01-27 v1.10 Color options for hyperref/bookmark (HO)
) (/usr/local/texlive/2021/texmf-dist/tex/latex/letltxmacro/letltxmacro.sty
Package: letltxmacro 2019/12/03 v1.6 Let assignment for LaTeX macros (HO)
) (/usr/local/texlive/2021/texmf-dist/tex/latex/auxhook/auxhook.sty
Package: auxhook 2019-12-17 v1.6 Hooks for auxiliary files (HO)
) (/usr/local/texlive/2021/texmf-dist/tex/latex/kvoptions/kvoptions.sty
Package: kvoptions 2020-10-07 v3.14 Key value format for package options (HO)
)
\@linkdim=\dimen155
\Hy@linkcounter=\count277
\Hy@pagecounter=\count278
 (/usr/local/texlive/2021/texmf-dist/tex/latex/hyperref/pd1enc.def
File: pd1enc.def 2021-06-07 v7.00m Hyperref: PDFDocEncoding definition (HO)
Now handling font encoding PD1 ...
... no UTF-8 mapping file for font encoding PD1
) (/usr/local/texlive/2021/texmf-dist/tex/latex/hyperref/hyperref-langpatches.def
File: hyperref-langpatches.def 2021-06-07 v7.00m Hyperref: patches for babel languages
) (/usr/local/texlive/2021/texmf-dist/tex/generic/intcalc/intcalc.sty
Package: intcalc 2019/12/15 v1.3 Expandable calculations with integers (HO)
) (/usr/local/texlive/2021/texmf-dist/tex/generic/etexcmds/etexcmds.sty
Package: etexcmds 2019/12/15 v1.7 Avoid name clashes with e-TeX commands (HO)
)
\Hy@SavedSpaceFactor=\count279
 (/usr/local/texlive/2021/texmf-dist/tex/latex/hyperref/puenc.def
File: puenc.def 2021-06-07 v7.00m Hyperref: PDF Unicode definition (HO)
Now handling font encoding PU ...
... no UTF-8 mapping file for font encoding PU
)
Package hyperref Info: Option `colorlinks' set `true' on input line 4073.
Package hyperref Info: Hyper figures OFF on input line 4192.
Package hyperref Info: Link nesting OFF on input line 4197.
Package hyperref Info: Hyper index ON on input line 4200.
Package hyperref Info: Plain pages OFF on input line 4207.
Package hyperref Info: Backreferencing OFF on input line 4212.
Package hyperref Info: Implicit mode ON; LaTeX internals redefined.
Package hyperref Info: Bookmarks ON on input line 4445.
\c@Hy@tempcnt=\count280
 (/usr/local/texlive/2021/texmf-dist/tex/latex/url/url.sty
\Urlmuskip=\muskip17
Package: url 2013/09/16  ver 3.4  Verb mode for urls, etc.
)
LaTeX Info: Redefining \url on input line 4804.
\XeTeXLinkMargin=\dimen156
 (/usr/local/texlive/2021/texmf-dist/tex/generic/bitset/bitset.sty
Package: bitset 2019/12/09 v1.3 Handle bit-vector datatype (HO)
 (/usr/local/texlive/2021/texmf-dist/tex/generic/bigintcalc/bigintcalc.sty
Package: bigintcalc 2019/12/15 v1.5 Expandable calculations on big integers (HO)
))
\Fld@menulength=\count281
\Field@Width=\dimen157
\Fld@charsize=\dimen158
Package hyperref Info: Hyper figures OFF on input line 6076.
Package hyperref Info: Link nesting OFF on input line 6081.
Package hyperref Info: Hyper index ON on input line 6084.
Package hyperref Info: backreferencing OFF on input line 6091.
Package hyperref Info: Link coloring ON on input line 6094.
Package hyperref Info: Link coloring with OCG OFF on input line 6101.
Package hyperref Info: PDF/A mode OFF on input line 6106.
LaTeX Info: Redefining \ref on input line 6146.
LaTeX Info: Redefining \pageref on input line 6150.
 (/usr/local/texlive/2021/texmf-dist/tex/latex/base/atbegshi-ltx.sty
Package: atbegshi-ltx 2021/01/10 v1.0c Emulation of the original atbegshi
package with kernel methods
)
\Hy@abspage=\count282
\c@Item=\count283
\c@Hfootnote=\count284
)
Package hyperref Info: Driver (autodetected): hpdftex.
 (/usr/local/texlive/2021/texmf-dist/tex/latex/hyperref/hpdftex.def
File: hpdftex.def 2021-06-07 v7.00m Hyperref driver for pdfTeX
 (/usr/local/texlive/2021/texmf-dist/tex/latex/base/atveryend-ltx.sty
Package: atveryend-ltx 2020/08/19 v1.0a Emulation of the original atvery package
with kernel methods
)
\Fld@listcount=\count285
\c@bookmark@seq@number=\count286
 (/usr/local/texlive/2021/texmf-dist/tex/latex/rerunfilecheck/rerunfilecheck.sty
Package: rerunfilecheck 2019/12/05 v1.9 Rerun checks for auxiliary files (HO)
 (/usr/local/texlive/2021/texmf-dist/tex/generic/uniquecounter/uniquecounter.sty
Package: uniquecounter 2019/12/15 v1.4 Provide unlimited unique counter (HO)
)
Package uniquecounter Info: New unique counter `rerunfilecheck' on input line 286.
)
\Hy@SectionHShift=\skip59
) (/usr/local/texlive/2021/texmf-dist/tex/latex/xcolor/xcolor.sty
Package: xcolor 2016/05/11 v2.12 LaTeX color extensions (UK)
 (/usr/local/texlive/2021/texmf-dist/tex/latex/graphics-cfg/color.cfg
File: color.cfg 2016/01/02 v1.6 sample color configuration
)
Package xcolor Info: Driver file: pdftex.def on input line 225.
 (/usr/local/texlive/2021/texmf-dist/tex/latex/colortbl/colortbl.sty
Package: colortbl 2020/01/04 v1.0e Color table columns (DPC)
 (/usr/local/texlive/2021/texmf-dist/tex/latex/tools/array.sty
Package: array 2021/04/20 v2.5e Tabular extension package (FMi)
\col@sep=\dimen159
\ar@mcellbox=\box59
\extrarowheight=\dimen160
\NC@list=\toks30
\extratabsurround=\skip60
\backup@length=\skip61
\ar@cellbox=\box60
)
\everycr=\toks31
\minrowclearance=\skip62
)
\rownum=\count287
Package xcolor Info: Model `cmy' substituted by `cmy0' on input line 1348.
Package xcolor Info: Model `hsb' substituted by `rgb' on input line 1352.
Package xcolor Info: Model `RGB' extended on input line 1364.
Package xcolor Info: Model `HTML' substituted by `rgb' on input line 1366.
Package xcolor Info: Model `Hsb' substituted by `hsb' on input line 1367.
Package xcolor Info: Model `tHsb' substituted by `hsb' on input line 1368.
Package xcolor Info: Model `HSB' substituted by `hsb' on input line 1369.
Package xcolor Info: Model `Gray' substituted by `gray' on input line 1370.
Package xcolor Info: Model `wave' substituted by `hsb' on input line 1371.
) (/usr/local/texlive/2021/texmf-dist/tex/latex/arydshln/arydshln.sty
Package: arydshln 2019/02/21 v1.76 
\dashlinedash=\dimen161
\dashlinegap=\dimen162
\adl@box=\box61
\adl@height=\dimen163
\adl@heightsave=\dimen164
\adl@depth=\dimen165
\adl@depthsave=\dimen166
\adl@finaldepth=\dimen167
\adl@columns=\count288
\adl@ncol=\count289
\adl@currentcolumn=\count290
\adl@currentcolumnsave=\count291
\adl@totalheight=\count292
\adl@totalheightsave=\count293
\adl@dash=\count294
\adl@gap=\count295
\adl@cla=\count296
\adl@clb=\count297
\adl@everyvbox=\toks32
\adl@LTpagetotal=\dimen168
) (/usr/local/texlive/2021/texmf-dist/tex/generic/soul/soul.sty
Package: soul 2003/11/17 v2.4 letterspacing/underlining (mf)
\SOUL@word=\toks33
\SOUL@lasttoken=\toks34
\SOUL@cmds=\toks35
\SOUL@buffer=\toks36
\SOUL@token=\toks37
\SOUL@spaceskip=\skip63
\SOUL@ttwidth=\dimen169
\SOUL@uldp=\dimen170
\SOUL@ulht=\dimen171
) (/usr/local/texlive/2021/texmf-dist/tex/latex/accents/accents.sty
Package: accents 2006/05/12 v1.4 Math Accent Tools
\cc@skew=\dimen172
\cc@wd=\dimen173
\cc@code=\count298
\cc@group=\count299
\cc@skewchar=\count300
) (/usr/local/texlive/2021/texmf-dist/tex/latex/float/float.sty
Package: float 2001/11/08 v1.3d Float enhancements (AL)
\c@float@type=\count301
\float@exts=\toks38
\float@box=\box62
\@float@everytoks=\toks39
\@floatcapt=\box63
) (/usr/local/texlive/2021/texmf-dist/tex/latex/subfig/subfig.sty
Package: subfig 2005/06/28 ver: 1.3 subfig package
 (/usr/local/texlive/2021/texmf-dist/tex/latex/caption/caption.sty
Package: caption 2020/10/26 v3.5g Customizing captions (AR)
 (/usr/local/texlive/2021/texmf-dist/tex/latex/caption/caption3.sty
Package: caption3 2020/10/21 v2.2e caption3 kernel (AR)
\captionmargin=\dimen174
\captionmargin@=\dimen175
\captionwidth=\dimen176
\caption@tempdima=\dimen177
\caption@indent=\dimen178
\caption@parindent=\dimen179
\caption@hangindent=\dimen180
Package caption Info: elsarticle document class detected.
 (/usr/local/texlive/2021/texmf-dist/tex/latex/caption/caption-elsarticle.sto
File: caption-elsarticle.sto 2020/08/22 v2.0 Adaption of the caption package to the elsarticle document class (AR)
))
\c@caption@flags=\count302
\c@continuedfloat=\count303
Package caption Info: float package is loaded.
Package caption Info: hyperref package is loaded.
)
\c@KVtest=\count304
\sf@farskip=\skip64
\sf@captopadj=\dimen181
\sf@capskip=\skip65
\sf@nearskip=\skip66
\c@subfigure=\count305
\c@subfigure@save=\count306
\c@lofdepth=\count307
\c@subtable=\count308
\c@subtable@save=\count309
\c@lotdepth=\count310
\sf@top=\skip67
\sf@bottom=\skip68
) (/usr/local/texlive/2021/texmf-dist/tex/latex/multirow/multirow.sty
Package: multirow 2021/03/15 v2.8 Span multiple rows of a table
\multirow@colwidth=\skip69
\multirow@cntb=\count311
\multirow@dima=\skip70
\bigstrutjot=\dimen182
) (/usr/local/texlive/2021/texmf-dist/tex/latex/tools/dcolumn.sty
Package: dcolumn 2014/10/28 v1.06 decimal alignment package (DPC)
) (/usr/local/texlive/2021/texmf-dist/tex/latex/booktabs/booktabs.sty
Package: booktabs 2020/01/12 v1.61803398 Publication quality tables
\heavyrulewidth=\dimen183
\lightrulewidth=\dimen184
\cmidrulewidth=\dimen185
\belowrulesep=\dimen186
\belowbottomsep=\dimen187
\aboverulesep=\dimen188
\abovetopsep=\dimen189
\cmidrulesep=\dimen190
\cmidrulekern=\dimen191
\defaultaddspace=\dimen192
\@cmidla=\count312
\@cmidlb=\count313
\@aboverulesep=\dimen193
\@belowrulesep=\dimen194
\@thisruleclass=\count314
\@lastruleclass=\count315
\@thisrulewidth=\dimen195
) (/usr/local/texlive/2021/texmf-dist/tex/latex/graphics/lscape.sty
Package: lscape 2020/05/28 v3.02 Landscape Pages (DPC)
) (/usr/local/texlive/2021/texmf-dist/tex/latex/geometry/geometry.sty
Package: geometry 2020/01/02 v5.9 Page Geometry
 (/usr/local/texlive/2021/texmf-dist/tex/generic/iftex/ifvtex.sty
Package: ifvtex 2019/10/25 v1.7 ifvtex legacy package. Use iftex instead.
)
\Gm@cnth=\count316
\Gm@cntv=\count317
\c@Gm@tempcnt=\count318
\Gm@bindingoffset=\dimen196
\Gm@wd@mp=\dimen197
\Gm@odd@mp=\dimen198
\Gm@even@mp=\dimen199
\Gm@layoutwidth=\dimen256
\Gm@layoutheight=\dimen257
\Gm@layouthoffset=\dimen258
\Gm@layoutvoffset=\dimen259
\Gm@dimlist=\toks40
) (/usr/local/texlive/2021/texmf-dist/tex/latex/algorithm2e/algorithm2e.sty
Package: algorithm2e 2017/07/18 v5.2 algorithms environments
\c@AlgoLine=\count319
 (/usr/local/texlive/2021/texmf-dist/tex/latex/base/ifthen.sty
Package: ifthen 2020/11/24 v1.1c Standard LaTeX ifthen package (DPC)
)
\algocf@hangindent=\skip71
 (/usr/local/texlive/2021/texmf-dist/tex/latex/ifoddpage/ifoddpage.sty
Package: ifoddpage 2016/04/23 v1.1 Conditionals for odd/even page detection
\c@checkoddpage=\count320
) (/usr/local/texlive/2021/texmf-dist/tex/latex/tools/xspace.sty
Package: xspace 2014/10/28 v1.13 Space after command names (DPC,MH)
) (/usr/local/texlive/2021/texmf-dist/tex/latex/relsize/relsize.sty
Package: relsize 2013/03/29 ver 4.1
)
\skiptotal=\skip72
\skiplinenumber=\skip73
\skiprule=\skip74
\skiphlne=\skip75
\skiptext=\skip76
\skiplength=\skip77
\algomargin=\skip78
\skipalgocfslide=\skip79
\algowidth=\dimen260
\inoutsize=\dimen261
\inoutindent=\dimen262
\interspacetitleruled=\dimen263
\interspacealgoruled=\dimen264
\interspacetitleboxruled=\dimen265
\algocf@ruledwidth=\skip80
\algocf@inoutbox=\box64
\algocf@inputbox=\box65
\AlCapSkip=\skip81
\AlCapHSkip=\skip82
\algoskipindent=\skip83
\algocf@nlbox=\box66
\algocf@hangingbox=\box67
\algocf@untilbox=\box68
\algocf@skipuntil=\skip84
\algocf@capbox=\box69
\algocf@lcaptionbox=\skip85
\algoheightruledefault=\skip86
\algoheightrule=\skip87
\algotitleheightruledefault=\skip88
\algotitleheightrule=\skip89
\c@algocfline=\count321
\c@algocfproc=\count322
\c@algocf=\count323
\algocf@algoframe=\box70
\algocf@algobox=\box71
) (/usr/local/texlive/2021/texmf-dist/tex/latex/comment/comment.sty
\CommentStream=\write4
 Excluding comment 'comment')
\c@definition=\count324
) (TeXAux/solar_IV.aux)
\openout1 = `solar_IV.aux'.

LaTeX Font Info:    Checking defaults for OML/cmm/m/it on input line 10.
LaTeX Font Info:    ... okay on input line 10.
LaTeX Font Info:    Checking defaults for OMS/cmsy/m/n on input line 10.
LaTeX Font Info:    ... okay on input line 10.
LaTeX Font Info:    Checking defaults for OT1/cmr/m/n on input line 10.
LaTeX Font Info:    ... okay on input line 10.
LaTeX Font Info:    Checking defaults for T1/cmr/m/n on input line 10.
LaTeX Font Info:    ... okay on input line 10.
LaTeX Font Info:    Checking defaults for TS1/cmr/m/n on input line 10.
LaTeX Font Info:    ... okay on input line 10.
LaTeX Font Info:    Checking defaults for OMX/cmex/m/n on input line 10.
LaTeX Font Info:    ... okay on input line 10.
LaTeX Font Info:    Checking defaults for U/cmr/m/n on input line 10.
LaTeX Font Info:    ... okay on input line 10.
LaTeX Font Info:    Checking defaults for PD1/pdf/m/n on input line 10.
LaTeX Font Info:    ... okay on input line 10.
LaTeX Font Info:    Checking defaults for PU/pdf/m/n on input line 10.
LaTeX Font Info:    ... okay on input line 10.
 (/usr/local/texlive/2021/texmf-dist/tex/context/base/mkii/supp-pdf.mkii
[Loading MPS to PDF converter (version 2006.09.02).]
\scratchcounter=\count325
\scratchdimen=\dimen266
\scratchbox=\box72
\nofMPsegments=\count326
\nofMParguments=\count327
\everyMPshowfont=\toks41
\MPscratchCnt=\count328
\MPscratchDim=\dimen267
\MPnumerator=\count329
\makeMPintoPDFobject=\count330
\everyMPtoPDFconversion=\toks42
) (/usr/local/texlive/2021/texmf-dist/tex/latex/epstopdf-pkg/epstopdf-base.sty
Package: epstopdf-base 2020-01-24 v2.11 Base part for package epstopdf
Package epstopdf-base Info: Redefining graphics rule for `.eps' on input line 485.
 (/usr/local/texlive/2021/texmf-dist/tex/latex/latexconfig/epstopdf-sys.cfg
File: epstopdf-sys.cfg 2010/07/13 v1.3 Configuration of (r)epstopdf for TeX Live
))
Package hyperref Info: Link coloring ON on input line 10.
 (/usr/local/texlive/2021/texmf-dist/tex/latex/hyperref/nameref.sty
Package: nameref 2021-04-02 v2.47 Cross-referencing by name of section
 (/usr/local/texlive/2021/texmf-dist/tex/latex/refcount/refcount.sty
Package: refcount 2019/12/15 v3.6 Data extraction from label references (HO)
) (/usr/local/texlive/2021/texmf-dist/tex/generic/gettitlestring/gettitlestring.sty
Package: gettitlestring 2019/12/15 v1.6 Cleanup title references (HO)
)
\c@section@level=\count331
)
LaTeX Info: Redefining \ref on input line 10.
LaTeX Info: Redefining \pageref on input line 10.
LaTeX Info: Redefining \nameref on input line 10.
 (TeXAux/solar_IV.out) (TeXAux/solar_IV.out)
\@outlinefile=\write5
\openout5 = `solar_IV.out'.

Package caption Info: Begin \AtBeginDocument code.
Package caption Info: subfig package v1.3 is loaded.
Package caption Info: End \AtBeginDocument code.

*geometry* driver: auto-detecting
*geometry* detected driver: pdftex
*geometry* verbose mode - [ preamble ] result:
* driver: pdftex
* paper: a4paper
* layout: <same size as paper>
* layoutoffset:(h,v)=(0.0pt,0.0pt)
* hratio: 1:1
* vratio: 1:1
* modes: 
* h-part:(L,W,R)=(65.44133pt, 466.62521pt, 65.44133pt)
* v-part:(T,H,B)=(65.44133pt, 714.16418pt, 65.44133pt)
* \paperwidth=597.50787pt
* \paperheight=845.04684pt
* \textwidth=466.62521pt
* \textheight=714.16418pt
* \oddsidemargin=-6.82866pt
* \evensidemargin=-6.82866pt
* \topmargin=-43.82866pt
* \headheight=12.0pt
* \headsep=25.0pt
* \topskip=11.0pt
* \footskip=30.0pt
* \marginparwidth=59.0pt
* \marginparsep=10.0pt
* \columnsep=10.0pt
* \skip\footins=24.0pt
* \hoffset=0.0pt
* \voffset=0.0pt
* \mag=1000
* \@twocolumnfalse
* \@twosidefalse
* \@mparswitchfalse
* \@reversemarginfalse
* (1in=72.27pt=25.4mm, 1cm=28.453pt)

LaTeX Font Info:    Trying to load font information for U+msa on input line 32.
(/usr/local/texlive/2021/texmf-dist/tex/latex/amsfonts/umsa.fd
File: umsa.fd 2013/01/14 v3.01 AMS symbols A
)
LaTeX Font Info:    Trying to load font information for U+msb on input line 32.
 (/usr/local/texlive/2021/texmf-dist/tex/latex/amsfonts/umsb.fd
File: umsb.fd 2013/01/14 v3.01 AMS symbols B
)

Package hyperref Warning: Token not allowed in a PDF string (Unicode):
(hyperref)                removing `\<def>-command' on input line 59.


Package hyperref Warning: Token not allowed in a PDF string (Unicode):
(hyperref)                removing `\cnotenum' on input line 59.


Package hyperref Warning: Token not allowed in a PDF string (Unicode):
(hyperref)                removing `\<def>-command' on input line 59.


Package hyperref Warning: Token not allowed in a PDF string (Unicode):
(hyperref)                removing `\@corref' on input line 59.


Package hyperref Warning: Token not allowed in a PDF string (Unicode):
(hyperref)                removing `\<def>-command' on input line 59.


Package hyperref Warning: Token not allowed in a PDF string (Unicode):
(hyperref)                removing `\cnotenum' on input line 59.


Package hyperref Warning: Token not allowed in a PDF string (Unicode):
(hyperref)                removing `\<def>-command' on input line 59.


Package hyperref Warning: Token not allowed in a PDF string (Unicode):
(hyperref)                removing `\@corref' on input line 59.


Package hyperref Warning: Token not allowed in a PDF string (Unicode):
(hyperref)                removing `\<def>-command' on input line 59.


Package hyperref Warning: Token not allowed in a PDF string (Unicode):
(hyperref)                removing `\cnotenum' on input line 59.


Package hyperref Warning: Token not allowed in a PDF string (Unicode):
(hyperref)                removing `\<def>-command' on input line 59.


Package hyperref Warning: Token not allowed in a PDF string (Unicode):
(hyperref)                removing `\@corref' on input line 59.

[1


{/usr/local/texlive/2021/texmf-var/fonts/map/pdftex/updmap/pdftex.map}] [2]
<figures//example_dag.pdf, id=166, 154.7652pt x 155.47284pt>
File: figures//example_dag.pdf Graphic file (type pdf)
<use figures//example_dag.pdf>
Package pdftex.def Info: figures//example_dag.pdf  used on input line 83.
(pdftex.def)             Requested size: 119.49974pt x 120.05132pt.
 [3 <./figures//example_dag.pdf>]
<figures//Example1_pg.pdf, id=204, 158.97995pt x 76.36028pt>
File: figures//Example1_pg.pdf Graphic file (type pdf)
<use figures//Example1_pg.pdf>
Package pdftex.def Info: figures//Example1_pg.pdf  used on input line 110.
(pdftex.def)             Requested size: 119.49974pt x 57.39822pt.
 [4 <./figures//Example1_pg.pdf>] [5]
<figures//Example2_pg.pdf, id=252, 202.00368pt x 116.07666pt>
File: figures//Example2_pg.pdf Graphic file (type pdf)
<use figures//Example2_pg.pdf>
Package pdftex.def Info: figures//Example2_pg.pdf  used on input line 171.
(pdftex.def)             Requested size: 209.1314pt x 120.17311pt.
 [6 <./figures//Example2_pg.pdf, page is rotated 90 degrees>] [7]

LaTeX Warning: Reference `eqn:instrument' on page 8 undefined on input line 244.

[8]
<figures//graphical_criteria_instrument.pdf, id=323, 183.89705pt x 41.07846pt>
File: figures//graphical_criteria_instrument.pdf Graphic file (type pdf)
<use figures//graphical_criteria_instrument.pdf>
Package pdftex.def Info: figures//graphical_criteria_instrument.pdf  used on input line 274.
(pdftex.def)             Requested size: 119.49974pt x 26.6944pt.
 [9 <./figures//graphical_criteria_instrument.pdf>]
<figures//instrument1.pdf, id=364, 173.27576pt x 116.74023pt>
File: figures//instrument1.pdf Graphic file (type pdf)
<use figures//instrument1.pdf>
Package pdftex.def Info: figures//instrument1.pdf  used on input line 305.
(pdftex.def)             Requested size: 119.49974pt x 80.50986pt.
<figures//instrument2.pdf, id=365, 172.7002pt x 114.026pt>
File: figures//instrument2.pdf Graphic file (type pdf)
<use figures//instrument2.pdf>
Package pdftex.def Info: figures//instrument2.pdf  used on input line 308.
(pdftex.def)             Requested size: 119.49974pt x 78.90071pt.


LaTeX Warning: Reference `eqn:instrument' on page 10 undefined on input line 316.

<figures//not_instrument1.pdf, id=379, 174.6753pt x 155.88608pt>
File: figures//not_instrument1.pdf Graphic file (type pdf)
<use figures//not_instrument1.pdf>
Package pdftex.def Info: figures//not_instrument1.pdf  used on input line 324.
(pdftex.def)             Requested size: 89.62253pt x 79.98132pt.
[10 <./figures//instrument1.pdf> <./figures//instrument2.pdf>]

LaTeX Warning: Reference `eqn:instrument' on page 11 undefined on input line 332.


LaTeX Warning: Reference `eqn:instrument' on page 11 undefined on input line 344.

[11 <./figures//not_instrument1.pdf>]
<figures//variable_selection.pdf, id=473, 260.97902pt x 284.6394pt>
File: figures//variable_selection.pdf Graphic file (type pdf)
<use figures//variable_selection.pdf>
Package pdftex.def Info: figures//variable_selection.pdf  used on input line 356.
(pdftex.def)             Requested size: 179.25418pt x 195.51103pt.
 [12 <./figures//variable_selection.pdf>] [13] [14]

LaTeX Warning: Float too large for page by 51.8261pt on input line 583.

[15] [16]
<figures//Hist_example_Beach.pdf, id=566, 433.62pt x 289.08pt>
File: figures//Hist_example_Beach.pdf Graphic file (type pdf)
<use figures//Hist_example_Beach.pdf>
Package pdftex.def Info: figures//Hist_example_Beach.pdf  used on input line 600.
(pdftex.def)             Requested size: 131.45245pt x 87.63333pt.
<figures//Hist_example_logBeach.pdf, id=567, 433.62pt x 289.08pt>
File: figures//Hist_example_logBeach.pdf Graphic file (type pdf)
<use figures//Hist_example_logBeach.pdf>
Package pdftex.def Info: figures//Hist_example_logBeach.pdf  used on input line 603.
(pdftex.def)             Requested size: 131.45245pt x 87.63333pt.
<figures//Hist_example_logBeach1000.pdf, id=568, 433.62pt x 289.08pt>
File: figures//Hist_example_logBeach1000.pdf Graphic file (type pdf)
<use figures//Hist_example_logBeach1000.pdf>
Package pdftex.def Info: figures//Hist_example_logBeach1000.pdf  used on input line 606.
(pdftex.def)             Requested size: 131.45245pt x 87.63333pt.
<figures//Hist_example_Gaol.pdf, id=569, 433.62pt x 289.08pt>
File: figures//Hist_example_Gaol.pdf Graphic file (type pdf)
<use figures//Hist_example_Gaol.pdf>
Package pdftex.def Info: figures//Hist_example_Gaol.pdf  used on input line 609.
(pdftex.def)             Requested size: 131.45245pt x 87.63333pt.
<figures//Hist_example_logGaol.pdf, id=570, 433.62pt x 289.08pt>
File: figures//Hist_example_logGaol.pdf Graphic file (type pdf)
<use figures//Hist_example_logGaol.pdf>
Package pdftex.def Info: figures//Hist_example_logGaol.pdf  used on input line 612.
(pdftex.def)             Requested size: 131.45245pt x 87.63333pt.
<figures//Hist_example_logGaol1000.pdf, id=571, 433.62pt x 289.08pt>
File: figures//Hist_example_logGaol1000.pdf Graphic file (type pdf)
<use figures//Hist_example_logGaol1000.pdf>
Package pdftex.def Info: figures//Hist_example_logGaol1000.pdf  used on input line 615.
(pdftex.def)             Requested size: 131.45245pt x 87.63333pt.
 [17]
LaTeX Font Info:    Trying to load font information for OMS+cmr on input line 622.
 (/usr/local/texlive/2021/texmf-dist/tex/latex/base/omscmr.fd
File: omscmr.fd 2019/12/16 v2.5j Standard LaTeX font definitions
)
LaTeX Font Info:    Font shape `OMS/cmr/m/n' in size <10.95> not available
(Font)              Font shape `OMS/cmsy/m/n' tried instead on input line 622.


LaTeX Warning: `h' float specifier changed to `ht'.


LaTeX Warning: `h' float specifier changed to `ht'.

[18 <./figures//Hist_example_Beach.pdf> <./figures//Hist_example_logBeach.pdf> <./figures//Hist_example_logBeach1000.pdf> <./figures//Hist_example_Gaol.pdf> <./figures//Hist_example_logGaol.pdf> <./figures//Hist_example_logGaol1000.pdf>] [19] [20] [21] [22]

pdfTeX warning: pdflatex (file ./figures//ME1.pdf): PDF inclusion: found PDF version <1.7>, but at most version <1.6> allowed
<figures//ME1.pdf, id=698, 182.82101pt x 38.25894pt>
File: figures//ME1.pdf Graphic file (type pdf)
<use figures//ME1.pdf>
Package pdftex.def Info: figures//ME1.pdf  used on input line 859.
(pdftex.def)             Requested size: 119.49974pt x 25.00752pt.


pdfTeX warning: pdflatex (file ./figures//ME2.pdf): PDF inclusion: found PDF version <1.7>, but at most version <1.6> allowed
<figures//ME2.pdf, id=699, 182.3322pt x 37.54225pt>
File: figures//ME2.pdf Graphic file (type pdf)
<use figures//ME2.pdf>
Package pdftex.def Info: figures//ME2.pdf  used on input line 862.
(pdftex.def)             Requested size: 119.49974pt x 24.60495pt.


pdfTeX warning: pdflatex (file ./figures//ME3.pdf): PDF inclusion: found PDF version <1.7>, but at most version <1.6> allowed
<figures//ME3.pdf, id=700, 183.68625pt x 38.17563pt>
File: figures//ME3.pdf Graphic file (type pdf)
<use figures//ME3.pdf>
Package pdftex.def Info: figures//ME3.pdf  used on input line 865.
(pdftex.def)             Requested size: 119.49974pt x 24.83597pt.


pdfTeX warning: pdflatex (file ./figures//ME5.pdf): PDF inclusion: found PDF version <1.7>, but at most version <1.6> allowed
<figures//ME5.pdf, id=701, 182.82pt x 56.89857pt>
File: figures//ME5.pdf Graphic file (type pdf)
<use figures//ME5.pdf>
Package pdftex.def Info: figures//ME5.pdf  used on input line 868.
(pdftex.def)             Requested size: 149.37697pt x 46.49129pt.


pdfTeX warning: pdflatex (file ./figures//ME4.pdf): PDF inclusion: found PDF version <1.7>, but at most version <1.6> allowed
<figures//ME4.pdf, id=702, 182.26294pt x 54.50262pt>
File: figures//ME4.pdf Graphic file (type pdf)
<use figures//ME4.pdf>
Package pdftex.def Info: figures//ME4.pdf  used on input line 871.
(pdftex.def)             Requested size: 149.37697pt x 44.67163pt.
<figures//BN_pre.pdf, id=712, 829.94687pt x 401.82924pt>
File: figures//BN_pre.pdf Graphic file (type pdf)
<use figures//BN_pre.pdf>
Package pdftex.def Info: figures//BN_pre.pdf  used on input line 887.
(pdftex.def)             Requested size: 358.50836pt x 173.57414pt.
[23 <./figures//ME1.pdf> <./figures//ME2.pdf> <./figures//ME3.pdf> <./figures//ME5.pdf> <./figures//ME4.pdf>] [24 <./figures//BN_pre.pdf>]
<figures//BN_post.pdf, id=844, 876.3673pt x 496.7388pt>
File: figures//BN_post.pdf Graphic file (type pdf)
<use figures//BN_post.pdf>
Package pdftex.def Info: figures//BN_post.pdf  used on input line 906.
(pdftex.def)             Requested size: 358.50836pt x 203.20944pt.
<figures//Backdoor_bath1.pdf, id=855, 215.81026pt x 412.97769pt>
File: figures//Backdoor_bath1.pdf Graphic file (type pdf)
<use figures//Backdoor_bath1.pdf>
Package pdftex.def Info: figures//Backdoor_bath1.pdf  used on input line 925.
(pdftex.def)             Requested size: 107.54703pt x 205.80777pt.
<figures//Backdoor_bath2.pdf, id=856, 216.93045pt x 412.63951pt>
File: figures//Backdoor_bath2.pdf Graphic file (type pdf)
<use figures//Backdoor_bath2.pdf>
Package pdftex.def Info: figures//Backdoor_bath2.pdf  used on input line 928.
(pdftex.def)             Requested size: 107.54703pt x 204.56885pt.
<figures//Backdoor_bath3.pdf, id=857, 216.14452pt x 413.42557pt>
File: figures//Backdoor_bath3.pdf Graphic file (type pdf)
<use figures//Backdoor_bath3.pdf>
Package pdftex.def Info: figures//Backdoor_bath3.pdf  used on input line 931.
(pdftex.def)             Requested size: 107.54703pt x 205.70923pt.
 [25 <./figures//BN_post.pdf>] [26 <./figures//Backdoor_bath1.pdf> <./figures//Backdoor_bath2.pdf> <./figures//Backdoor_bath3.pdf>]
<figures//AreaSize.pdf, id=926, 592.87997pt x 471.51407pt>
File: figures//AreaSize.pdf Graphic file (type pdf)
<use figures//AreaSize.pdf>
Package pdftex.def Info: figures//AreaSize.pdf  used on input line 988.
(pdftex.def)             Requested size: 268.87671pt x 213.83415pt.
 [27] [28 <./figures//AreaSize.pdf>] [29]
<figures//BE_house.pdf, id=971, 837.18962pt x 540.40831pt>
File: figures//BE_house.pdf Graphic file (type pdf)
<use figures//BE_house.pdf>
Package pdftex.def Info: figures//BE_house.pdf  used on input line 1071.
(pdftex.def)             Requested size: 298.75394pt x 192.83992pt.
 [30] [31 <./figures//BE_house.pdf>] [32]
Underfull \hbox (badness 10000) in paragraph at lines 1275--1275
[]\OT1/cmr/m/n/10.95 Wu-Hausman
 []


Underfull \hbox (badness 10000) in paragraph at lines 1275--1275
[]\OT1/cmr/m/n/10.95 Wooldridge
 []


Underfull \hbox (badness 10000) in paragraph at lines 1275--1275
[]\OT1/cmr/m/n/10.95 Wooldridge
 []

[33] [34] [35] (TeXAux/solar_IV.bbl [36]) [37]
<figures//conditional_instrument1.pdf, id=1054, 182.82051pt x 118.99457pt>
File: figures//conditional_instrument1.pdf Graphic file (type pdf)
<use figures//conditional_instrument1.pdf>
Package pdftex.def Info: figures//conditional_instrument1.pdf  used on input line 1353.
(pdftex.def)             Requested size: 149.37697pt x 97.22935pt.


pdfTeX warning: pdflatex (file ./figures//Example3_pg.pdf): PDF inclusion: found PDF version <1.7>, but at most version <1.6> allowed
<figures//Example3_pg.pdf, id=1064, 182.25189pt x 37.22307pt>
File: figures//Example3_pg.pdf Graphic file (type pdf)
<use figures//Example3_pg.pdf>
Package pdftex.def Info: figures//Example3_pg.pdf  used on input line 1367.
(pdftex.def)             Requested size: 149.37697pt x 30.5089pt.
[38 <./figures//conditional_instrument1.pdf>]
<figures//not_instrument2.pdf, id=1107, 99.5951pt x 169.44102pt>
File: figures//not_instrument2.pdf Graphic file (type pdf)
<use figures//not_instrument2.pdf>
Package pdftex.def Info: figures//not_instrument2.pdf  used on input line 1393.
(pdftex.def)             Requested size: 59.75443pt x 101.66022pt.
<figures//not_instrument33.pdf, id=1108, 101.53534pt x 170.73386pt>
File: figures//not_instrument33.pdf Graphic file (type pdf)
<use figures//not_instrument33.pdf>
Package pdftex.def Info: figures//not_instrument33.pdf  used on input line 1398.
(pdftex.def)             Requested size: 59.75443pt x 100.482pt.
<figures//not_instrument333.pdf, id=1109, 102.18175pt x 166.85336pt>
File: figures//not_instrument333.pdf Graphic file (type pdf)
<use figures//not_instrument333.pdf>
Package pdftex.def Info: figures//not_instrument333.pdf  used on input line 1403.
(pdftex.def)             Requested size: 59.75443pt x 97.57443pt.
<figures//not_instrument3333.pdf, id=1110, 101.53433pt x 173.32152pt>
File: figures//not_instrument3333.pdf Graphic file (type pdf)
<use figures//not_instrument3333.pdf>
Package pdftex.def Info: figures//not_instrument3333.pdf  used on input line 1408.
(pdftex.def)             Requested size: 59.75443pt x 102.00491pt.
<figures//not_instrument3.pdf, id=1119, 116.4089pt x 153.92004pt>
File: figures//not_instrument3.pdf Graphic file (type pdf)
<use figures//not_instrument3.pdf>
Package pdftex.def Info: figures//not_instrument3.pdf  used on input line 1428.
(pdftex.def)             Requested size: 77.67894pt x 102.71017pt.
<figures//not_instrument5.pdf, id=1120, 124.16989pt x 153.27263pt>
File: figures//not_instrument5.pdf Graphic file (type pdf)
<use figures//not_instrument5.pdf>
Package pdftex.def Info: figures//not_instrument5.pdf  used on input line 1431.
(pdftex.def)             Requested size: 71.69801pt x 88.50526pt.
<figures//not_instrument6.pdf, id=1121, 133.87114pt x 159.73979pt>
File: figures//not_instrument6.pdf Graphic file (type pdf)
<use figures//not_instrument6.pdf>
Package pdftex.def Info: figures//not_instrument6.pdf  used on input line 1434.
(pdftex.def)             Requested size: 77.67894pt x 92.69057pt.
<figures//not_instrument4.pdf, id=1122, 126.75757pt x 133.22473pt>
File: figures//not_instrument4.pdf Graphic file (type pdf)
<use figures//not_instrument4.pdf>
Package pdftex.def Info: figures//not_instrument4.pdf  used on input line 1437.
(pdftex.def)             Requested size: 77.67894pt x 81.64505pt.
 [39 <./figures//Example3_pg.pdf> <./figures//not_instrument2.pdf> <./figures//not_instrument33.pdf> <./figures//not_instrument333.pdf> <./figures//not_instrument3333.pdf>] [40 <./figures//not_instrument3.pdf> <./figures//not_instrument5.pdf> <./figures//not_instrument6.pdf> <./figures//not_instrument4.pdf>] (TeXAux/solar_IV.aux)

LaTeX Warning: There were undefined references.

Package rerunfilecheck Info: File `solar_IV.out' has not changed.
(rerunfilecheck)             Checksum: 1FC1AA47AEB2C1105488D09C3C426212;4923.
 ) 
Here is how much of TeX's memory you used:
 14980 strings out of 478599
 229814 string characters out of 5854087
 603320 words of memory out of 5000000
 32388 multiletter control sequences out of 15000+600000
 417016 words of font info for 79 fonts, out of 8000000 for 9000
 1141 hyphenation exceptions out of 8191
 74i,18n,82p,1982b,476s stack positions out of 5000i,500n,10000p,200000b,80000s
{/usr/local/texlive/2021/texmf-dist/fonts/enc/dvips/cm-super/cm-super-ts1.enc}</usr/local/texlive/2021/texmf-dist/fonts/type1/public/amsfonts/cm/cmbx10.pfb></usr/local/texlive/2021/texmf-dist/fonts/type1/public/amsfonts/cm/cmbx5.pfb></usr/local/texlive/2021/texmf-dist/fonts/type1/public/amsfonts/cm/cmbx6.pfb></usr/local/texlive/2021/texmf-dist/fonts/type1/public/amsfonts/cm/cmbx8.pfb></usr/local/texlive/2021/texmf-dist/fonts/type1/public/amsfonts/cm/cmbx9.pfb></usr/local/texlive/2021/texmf-dist/fonts/type1/public/amsfonts/cm/cmex10.pfb></usr/local/texlive/2021/texmf-dist/fonts/type1/public/amsfonts/cm/cmmi10.pfb></usr/local/texlive/2021/texmf-dist/fonts/type1/public/amsfonts/cm/cmmi6.pfb></usr/local/texlive/2021/texmf-dist/fonts/type1/public/amsfonts/cm/cmmi8.pfb></usr/local/texlive/2021/texmf-dist/fonts/type1/public/amsfonts/cm/cmmi9.pfb></usr/local/texlive/2021/texmf-dist/fonts/type1/public/amsfonts/cm/cmr10.pfb></usr/local/texlive/2021/texmf-dist/fonts/type1/public/amsfonts/cm/cmr12.pfb></usr/local/texlive/2021/texmf-dist/fonts/type1/public/amsfonts/cm/cmr6.pfb></usr/local/texlive/2021/texmf-dist/fonts/type1/public/amsfonts/cm/cmr7.pfb></usr/local/texlive/2021/texmf-dist/fonts/type1/public/amsfonts/cm/cmr8.pfb></usr/local/texlive/2021/texmf-dist/fonts/type1/public/amsfonts/cm/cmr9.pfb></usr/local/texlive/2021/texmf-dist/fonts/type1/public/amsfonts/cm/cmss10.pfb></usr/local/texlive/2021/texmf-dist/fonts/type1/public/amsfonts/cm/cmsy10.pfb></usr/local/texlive/2021/texmf-dist/fonts/type1/public/amsfonts/cm/cmsy6.pfb></usr/local/texlive/2021/texmf-dist/fonts/type1/public/amsfonts/cm/cmsy8.pfb></usr/local/texlive/2021/texmf-dist/fonts/type1/public/amsfonts/cm/cmsy9.pfb></usr/local/texlive/2021/texmf-dist/fonts/type1/public/amsfonts/cm/cmti10.pfb></usr/local/texlive/2021/texmf-dist/fonts/type1/public/amsfonts/cm/cmti9.pfb></usr/local/texlive/2021/texmf-dist/fonts/type1/public/amsfonts/cm/cmtt10.pfb></usr/local/texlive/2021/texmf-dist/fonts/type1/public/amsfonts/cm/cmtt9.pfb></usr/local/texlive/2021/texmf-dist/fonts/type1/public/amsfonts/symbols/msam10.pfb></usr/local/texlive/2021/texmf-dist/fonts/type1/public/cm-super/sfrm1095.pfb>
Output written on TeXAux/solar_IV.pdf (40 pages, 2336519 bytes).
PDF statistics:
 1479 PDF objects out of 1728 (max. 8388607)
 1128 compressed objects within 12 object streams
 194 named destinations out of 1000 (max. 500000)
 341 words of extra memory for PDF output out of 10000 (max. 10000000)

